<?xml version="1.0" encoding="UTF-8"?>
<!-- Generated by org.testng.reporters.JUnitXMLReporter -->
<testsuite ignored="0" hostname="LAPTOP-Amit" failures="0" tests="14" name="Free CRM App Test" time="262.932" errors="0" timestamp="2020-08-18T16:33:02 CDT">
  <testcase classname="com.crm.qa.testcases.LoginPageTest" name="loginPageTitleTest" time="0.224"/>
  <testcase classname="com.crm.qa.testcases.LoginPageTest" name="crmLogoImageTest" time="0.714"/>
  <testcase classname="com.crm.qa.testcases.LoginPageTest" name="validateLoginLinkTest" time="5.864"/>
  <testcase classname="com.crm.qa.testcases.LoginPageTest" name="validateSignUpLink" time="3.615"/>
  <testcase classname="com.crm.qa.testcases.LoginCredentialsPageTest" name="validateLoginCredentialsPageTitleTest" time="0.011"/>
  <testcase classname="com.crm.qa.testcases.LoginCredentialsPageTest" name="validateLoginCredentialsTest" time="7.042"/>
  <testcase classname="com.crm.qa.testcases.HomePageTest" name="validateUserLabelTest" time="1.835"/>
  <testcase classname="com.crm.qa.testcases.HomePageTest" name="validatecalendarLinkTest" time="4.275"/>
  <testcase classname="com.crm.qa.testcases.HomePageTest" name="validateContactsLinkTest" time="1.952"/>
  <testcase classname="com.crm.qa.testcases.HomePageTest" name="validateCompaniesLinkTest" time="5.778"/>
  <testcase classname="com.crm.qa.testcases.HomePageTest" name="validateDealsLinkTest" time="5.664"/>
  <testcase classname="com.crm.qa.testcases.HomePageTest" name="validateTasksLinkTest" time="3.045"/>
  <testcase classname="com.crm.qa.testcases.ContactsPageTest" name="validateContactsLabelTest" time="0.187"/>
  <testcase classname="com.crm.qa.testcases.ContactsPageTest" name="validateCreateNewContact" time="8.204"/>
</testsuite> <!-- Free CRM App Test -->
