<?xml version="1.0" encoding="UTF-8"?>
<!-- Generated by org.testng.reporters.JUnitXMLReporter -->
<testsuite ignored="0" hostname="LAPTOP-Amit" failures="0" tests="14" name="Surefire test" time="752.637" errors="0" timestamp="2020-08-20T15:07:14 CDT">
  <testcase classname="com.crm.qa.testcases.ContactsPageTest" name="validateContactsLabelTest" time="1.636"/>
  <testcase classname="com.crm.qa.testcases.ContactsPageTest" name="validateCreateNewContact" time="33.235"/>
  <testcase classname="com.crm.qa.testcases.HomePageTest" name="validateUserLabelTest" time="11.141"/>
  <testcase classname="com.crm.qa.testcases.HomePageTest" name="validatecalendarLinkTest" time="13.948"/>
  <testcase classname="com.crm.qa.testcases.HomePageTest" name="validateContactsLinkTest" time="11.591"/>
  <testcase classname="com.crm.qa.testcases.HomePageTest" name="validateCompaniesLinkTest" time="13.242"/>
  <testcase classname="com.crm.qa.testcases.HomePageTest" name="validateDealsLinkTest" time="12.212"/>
  <testcase classname="com.crm.qa.testcases.HomePageTest" name="validateTasksLinkTest" time="13.379"/>
  <testcase classname="com.crm.qa.testcases.LoginCredentialsPageTest" name="validateLoginCredentialsPageTitleTest" time="0.882"/>
  <testcase classname="com.crm.qa.testcases.LoginCredentialsPageTest" name="validateLoginCredentialsTest" time="27.816"/>
  <testcase classname="com.crm.qa.testcases.LoginPageTest" name="loginPageTitleTest" time="0.073"/>
  <testcase classname="com.crm.qa.testcases.LoginPageTest" name="crmLogoImageTest" time="5.062"/>
  <testcase classname="com.crm.qa.testcases.LoginPageTest" name="validateLoginLinkTest" time="5.072"/>
  <testcase classname="com.crm.qa.testcases.LoginPageTest" name="validateSignUpLink" time="3.966"/>
</testsuite> <!-- Surefire test -->
