<?xml version="1.0" encoding="UTF-8"?>
<testsuite xmlns:xsi="http://www.w3.org/2001/XMLSchema-instance" xsi:noNamespaceSchemaLocation="https://maven.apache.org/surefire/maven-surefire-plugin/xsd/surefire-test-report.xsd" name="TestSuite" time="757.619" tests="14" errors="0" skipped="0" failures="0">
  <properties>
[...]
</properties>
  <testcase name="validateContactsLabelTest" classname="com.crm.qa.testcases.ContactsPageTest" time="1.659"/>
  <testcase name="validateCreateNewContact" classname="com.crm.qa.testcases.ContactsPageTest" time="33.237"/>
  <testcase name="validateUserLabelTest" classname="com.crm.qa.testcases.HomePageTest" time="11.186"/>
  <testcase name="validatecalendarLinkTest" classname="com.crm.qa.testcases.HomePageTest" time="13.945"/>
  <testcase name="validateContactsLinkTest" classname="com.crm.qa.testcases.HomePageTest" time="11.593"/>
  <testcase name="validateCompaniesLinkTest" classname="com.crm.qa.testcases.HomePageTest" time="13.239"/>
  <testcase name="validateDealsLinkTest" classname="com.crm.qa.testcases.HomePageTest" time="12.212"/>
  <testcase name="validateTasksLinkTest" classname="com.crm.qa.testcases.HomePageTest" time="13.371"/>
  <testcase name="validateLoginCredentialsPageTitleTest" classname="com.crm.qa.testcases.LoginCredentialsPageTest" time="0.886"/>
  <testcase name="validateLoginCredentialsTest" classname="com.crm.qa.testcases.LoginCredentialsPageTest" time="27.816"/>
  <testcase name="loginPageTitleTest" classname="com.crm.qa.testcases.LoginPageTest" time="0.073"/>
  <testcase name="crmLogoImageTest" classname="com.crm.qa.testcases.LoginPageTest" time="5.055"/>
  <testcase name="validateLoginLinkTest" classname="com.crm.qa.testcases.LoginPageTest" time="5.079"/>
  <testcase name="validateSignUpLink" classname="com.crm.qa.testcases.LoginPageTest" time="3.968"/>
</testsuite>